info: Server is running on port 8080
http: GET in / - 08:43:09
info: Server is running on port 8080
http: GET in /login - 08:50:25
http: POST in /api/session/login - 08:50:48
http: GET in /user - 08:50:50
http: GET in /products/ - 08:51:07
http: GET in /products?page=2 - 08:51:10
http: GET in /realtimeproducts - 08:51:15
http: GET in /unauthorized - 08:51:15
http: GET in /stylesheets/index.css - 08:51:15
http: GET in /user - 08:53:04
info: Server is running on port 8080
http: GET in / - 08:55:23
http: GET in /loggertest - 08:55:39
fatal: Logger test fatal message
error: Logger test error message
warning: Logger test warning message
info: Logger test info message
http: Logger test http message
debug: Logger test debug message
info: Server is running on port 8080
info: Server is running on port 8080
info: Server is running on port 8080
info: Server is running on port 8080
info: Server is running on port 8080
info: Server is running on port 8080
info: Server is running on port 8080
http: GET in / - 18:43:15
http: GET in /login - 18:43:19
http: POST in /api/session/login - 18:43:28
http: GET in /user - 18:43:29
info: Server is running on port 8080
info: Server is running on port 8080
http: POST in /api/sessions/login - 18:45:36
http: GET in /api/session/logout - 18:45:44
http: GET in /login - 18:45:44
http: POST in /api/session/login - 18:46:08
http: GET in /user - 18:46:08
http: POST in /api/cart - 18:46:19
http: GET in /api/products - 18:49:06
http: POST in /api/cart/667897abc79aba527950d614/products/661c82909905cc901b886f42 - 18:49:32
info: Server is running on port 8080
http: POST in /api/cart/667897abc79aba527950d614/products/661c82909905cc901b886f42 - 19:03:39
info: Server is running on port 8080
http: POST in /api/cart/667897abc79aba527950d614/products/661c82909905cc901b886f42 - 19:04:33
info: Server is running on port 8080
info: Server is running on port 8080
http: POST in /api/cart/667897abc79aba527950d614/products/661c82909905cc901b886f42 - 19:10:48
info: Server is running on port 8080
info: Server is running on port 8080
http: POST in /api/cart/667897abc79aba527950d614/products/661c82909905cc901b886f42 - 19:21:40
info: Server is running on port 8080
info: Server is running on port 8080
info: Server is running on port 8080
http: POST in /api/cart/667897abc79aba527950d614/products/661c82909905cc901b886f42 - 19:46:30
info: Server is running on port 8080
info: Server is running on port 8080
info: Server is running on port 8080
info: Server is running on port 8080
info: Server is running on port 8080
info: Server is running on port 8080
info: Server is running on port 8080
http: POST in /api/cart/667897abc79aba527950d614/products/661c82909905cc901b886f42 - 19:52:04
info: Server is running on port 8080
http: POST in /api/cart/667897abc79aba527950d614/products/661c82909905cc901b886f42 - 19:56:34
info: Server is running on port 8080
http: POST in /api/cart/667897abc79aba527950d614/products/661c82909905cc901b886f42 - 19:57:54
info: Server is running on port 8080
info: Server is running on port 8080
http: POST in /api/cart/667897abc79aba527950d614/products/661c82909905cc901b886f42 - 20:02:28
info: Server is running on port 8080
http: POST in /api/cart/667897abc79aba527950d614/products/661c82909905cc901b886f42 - 20:29:01
info: Server is running on port 8080
http: POST in /api/cart/667897abc79aba527950d614/products/661c82909905cc901b886f42 - 20:30:18
info: Server is running on port 8080
info: Server is running on port 8080
info: Server is running on port 8080
info: Server is running on port 8080
http: POST in /api/cart/667897abc79aba527950d614/products/661c82909905cc901b886f42 - 20:44:10
info: Server is running on port 8080
info: Server is running on port 8080
http: GET in / - 21:11:04
http: GET in /login - 21:11:07
http: POST in /api/session/login - 21:11:21
http: GET in /user - 21:11:21
http: GET in /products/ - 21:11:26
http: GET in /products?page=2 - 21:11:33
http: GET in /api/session/logout - 21:11:34
http: GET in /login - 21:11:35
http: POST in /api/cart - 21:19:57
http: POST in /api/cart/6678bbaeafd05ac0288f26bf/purchase - 21:20:29
http: GET in / - 21:21:08
http: GET in /login - 21:21:24
http: POST in /api/session/login - 21:21:42
http: GET in /user - 21:21:42
info: Server is running on port 8080
http: POST in /api/cart/6678bbaeafd05ac0288f26bf/purchase - 21:23:42
info: Server is running on port 8080
http: POST in /api/cart/6678bbaeafd05ac0288f26bf/purchase - 21:29:42
http: GET in /api/cart/?_id=66590dc0cecf1787e6206907 - 21:30:08
info: Server is running on port 8080
info: Server is running on port 8080
info: Server is running on port 8080
http: POST in /api/cart/667897abc79aba527950d614/products/661c82909905cc901b886f42 - 21:40:05
info: Server is running on port 8080
http: POST in /api/cart/667897abc79aba527950d614/products/661c82909905cc901b886f42 - 21:41:10
http: POST in /api/cart/667897abc79aba527950d614/products/661c82909905cc901b886f42 - 21:41:18
info: Server is running on port 8080
http: POST in /api/cart/667897abc79aba527950d614/products/661c82909905cc901b886f42 - 21:44:10
info: Server is running on port 8080
http: POST in /api/cart/667897abc79aba527950d614/products/661c82909905cc901b886f42 - 21:47:49
http: POST in /api/cart/667897abc79aba527950d614/purchase - 21:48:12
info: Server is running on port 8080
http: POST in /api/cart/667897abc79aba527950d614/purchase - 21:49:23
info: Server is running on port 8080
info: Server is running on port 8080
info: Server is running on port 8080
http: POST in /api/cart/667897abc79aba527950d614/purchase - 21:55:22
http: GET in / - 21:55:45
http: GET in /login - 21:56:08
http: GET in /user - 21:56:08
http: GET in /api/session/logout - 21:56:25
http: GET in /login - 21:56:25
http: POST in /api/session/login - 21:56:37
http: GET in /user - 21:56:37
http: GET in /api/users/current - 21:57:55
http: GET in /api/users/current - 21:58:28
http: POST in /api/cart/667897abc79aba527950d614/purchase?cookie=connect.sid:%22s%3Ap4yx16i4bSsPE7rxa37kyRm86CRRfNWV.wIeWN%2FUTK5quoTRiyZUYE%2Fq0PQKUEFfRkrtfMM5iXvM%22 - 21:58:55
http: GET in /api/session/logout - 21:59:00
http: GET in /login - 21:59:00
http: POST in /api/session/login - 21:59:55
http: GET in /user - 21:59:55
http: GET in /api/users/current - 22:00:58
http: POST in /api/cart/667897abc79aba527950d614/purchase?cookie=connect.sid:%22s%3AgVYKqNhT1WDFYXoi4KkshD5Y_ZbleutX.Pq%2FH1UVvn4xk67bbN83ybPbFcVkZAhF%2B5Vdi6JAzOeI%22 - 22:01:17
http: GET in /api/users/current - 22:02:01
http: GET in /api/users/current - 22:02:36
http: POST in /api/cart/667897abc79aba527950d614/purchase?cookie=connect.sid=s%3AgVYKqNhT1WDFYXoi4KkshD5Y_ZbleutX.Pq%2FH1UVvn4xk67bbN83ybPbFcVkZAhF%2B5Vdi6JAzOeI - 22:02:53
info: Server is running on port 8080
http: POST in /api/cart/667897abc79aba527950d614/purchase?cookie=connect.sid=s%3AgVYKqNhT1WDFYXoi4KkshD5Y_ZbleutX.Pq%2FH1UVvn4xk67bbN83ybPbFcVkZAhF%2B5Vdi6JAzOeI - 22:23:26
info: Server is running on port 8080
http: POST in /api/cart/667897abc79aba527950d614/purchase?cookie=connect.sid=s%3AgVYKqNhT1WDFYXoi4KkshD5Y_ZbleutX.Pq%2FH1UVvn4xk67bbN83ybPbFcVkZAhF%2B5Vdi6JAzOeI - 22:26:17
info: Server is running on port 8080
info: Server is running on port 8080
http: POST in /api/cart/667897abc79aba527950d614/purchase?cookie=connect.sid=s%3AgVYKqNhT1WDFYXoi4KkshD5Y_ZbleutX.Pq%2FH1UVvn4xk67bbN83ybPbFcVkZAhF%2B5Vdi6JAzOeI - 22:42:49
info: Server is running on port 8080
http: POST in /api/cart/667897abc79aba527950d614/purchase?cookie=connect.sid=s%3AgVYKqNhT1WDFYXoi4KkshD5Y_ZbleutX.Pq%2FH1UVvn4xk67bbN83ybPbFcVkZAhF%2B5Vdi6JAzOeI - 22:43:02
info: Server is running on port 8080
info: Server is running on port 8080
info: Server is running on port 8080
http: POST in /api/cart/667897abc79aba527950d614/purchase?cookie=connect.sid=s%3AgVYKqNhT1WDFYXoi4KkshD5Y_ZbleutX.Pq%2FH1UVvn4xk67bbN83ybPbFcVkZAhF%2B5Vdi6JAzOeI - 22:51:50
info: Server is running on port 8080
http: POST in /api/cart/667897abc79aba527950d614/purchase?cookie=connect.sid=s%3AgVYKqNhT1WDFYXoi4KkshD5Y_ZbleutX.Pq%2FH1UVvn4xk67bbN83ybPbFcVkZAhF%2B5Vdi6JAzOeI - 22:59:07
info: Server is running on port 8080
http: POST in /api/cart/667897abc79aba527950d614/purchase?cookie=connect.sid=s%3AgVYKqNhT1WDFYXoi4KkshD5Y_ZbleutX.Pq%2FH1UVvn4xk67bbN83ybPbFcVkZAhF%2B5Vdi6JAzOeI - 22:59:33
